==========================================
4 AM Data Refresh: Wed Jan 28 04:00:01 EST 2026
==========================================

>>> Updating Minutes data...
/Users/tyvanklinger/Library/Python/3.8/lib/python/site-packages/urllib3/__init__.py:35: NotOpenSSLWarning: urllib3 v2 only supports OpenSSL 1.1.1+, currently the 'ssl' module is compiled with 'LibreSSL 2.8.3'. See: https://github.com/urllib3/urllib3/issues/3020
  warnings.warn(
Fetching league game logs...
Got 15137 game log entries
Processing Atlanta Hawks...
  âœ“ 19 players, 48 games
Processing Boston Celtics...
  âœ“ 15 players, 46 games
Processing Brooklyn Nets...
  âœ“ 16 players, 45 games
Processing Charlotte Hornets...
  âœ“ 19 players, 47 games
Processing Chicago Bulls...
  âœ“ 18 players, 46 games
Processing Cleveland Cavaliers...
  âœ“ 16 players, 48 games
Processing Dallas Mavericks...
  âœ“ 17 players, 46 games
Processing Denver Nuggets...
  âœ“ 16 players, 47 games
Processing Detroit Pistons...
  âœ“ 19 players, 45 games
Processing Golden State Warriors...
  âœ“ 18 players, 48 games
Processing Houston Rockets...
  âœ“ 15 players, 44 games
Processing Indiana Pacers...
  âœ“ 24 players, 47 games
Processing LA Clippers...
  âœ“ 20 players, 46 games
Processing Los Angeles Lakers...
  âœ“ 19 players, 45 games
Processing Memphis Grizzlies...
  âœ“ 19 players, 44 games
Processing Miami Heat...
  âœ“ 16 players, 47 games
Processing Milwaukee Bucks...
  âœ“ 17 players, 45 games
Processing Minnesota Timberwolves...
  âœ“ 15 players, 47 games
Processing New Orleans Pelicans...
  âœ“ 17 players, 49 games
Processing New York Knicks...
  âœ“ 17 players, 46 games
Processing Oklahoma City Thunder...
  âœ“ 16 players, 48 games
Processing Orlando Magic...
  âœ“ 16 players, 45 games
Processing Philadelphia 76ers...
  âœ“ 17 players, 46 games
Processing Phoenix Suns...
  âœ“ 17 players, 47 games
Processing Portland Trail Blazers...
  âœ“ 16 players, 48 games
Processing Sacramento Kings...
  âœ“ 18 players, 48 games
Processing San Antonio Spurs...
  âœ“ 18 players, 46 games
Processing Toronto Raptors...
  âœ“ 18 players, 48 games
Processing Utah Jazz...
  âœ“ 16 players, 47 games
Processing Washington Wizards...
  âœ“ 19 players, 45 games

âœ“ Saved to minutes_data.json
  Updated: 2026-01-28 04:00:11 ET
  Teams: 30

>>> Updating On/Off data...
Updating Atlanta Hawks...
/Users/tyvanklinger/Library/Python/3.8/lib/python/site-packages/urllib3/__init__.py:35: NotOpenSSLWarning: urllib3 v2 only supports OpenSSL 1.1.1+, currently the 'ssl' module is compiled with 'LibreSSL 2.8.3'. See: https://github.com/urllib3/urllib3/issues/3020
  warnings.warn(

======================================================================
  UPDATING ON/OFF CACHE
  Atlanta Hawks | 2025-26
======================================================================

Loading existing cache...
   Existing games in cache: 48
   Existing roster: 19 players

Checking for new games...

Cache is up to date! (48 games)
Updating Boston Celtics...
/Users/tyvanklinger/Library/Python/3.8/lib/python/site-packages/urllib3/__init__.py:35: NotOpenSSLWarning: urllib3 v2 only supports OpenSSL 1.1.1+, currently the 'ssl' module is compiled with 'LibreSSL 2.8.3'. See: https://github.com/urllib3/urllib3/issues/3020
  warnings.warn(

======================================================================
  UPDATING ON/OFF CACHE
  Boston Celtics | 2025-26
======================================================================

Loading existing cache...
   Existing games in cache: 46
   Existing roster: 15 players

Checking for new games...

Cache is up to date! (46 games)
Updating Brooklyn Nets...
/Users/tyvanklinger/Library/Python/3.8/lib/python/site-packages/urllib3/__init__.py:35: NotOpenSSLWarning: urllib3 v2 only supports OpenSSL 1.1.1+, currently the 'ssl' module is compiled with 'LibreSSL 2.8.3'. See: https://github.com/urllib3/urllib3/issues/3020
  warnings.warn(

======================================================================
  UPDATING ON/OFF CACHE
  Brooklyn Nets | 2025-26
======================================================================

Loading existing cache...
   Existing games in cache: 44
   Existing roster: 16 players

Checking for new games...
   Found 1 new games to process

Processing 1 new games...
----------------------------------------------------------------------
[  1/1] 0022500669 (100.0%) OK (1607 events)
----------------------------------------------------------------------
Processed 1/1 new games
New events: 1607

Rebuilding roster from all play-by-play data...
   Found 16 players who played this season

Cache updated: onoff_cache/Brooklyn_Nets_2025-26_combo.json
   Total games: 45
   Total events: 79111
   Size: 11.7 MB
Updating Charlotte Hornets...
/Users/tyvanklinger/Library/Python/3.8/lib/python/site-packages/urllib3/__init__.py:35: NotOpenSSLWarning: urllib3 v2 only supports OpenSSL 1.1.1+, currently the 'ssl' module is compiled with 'LibreSSL 2.8.3'. See: https://github.com/urllib3/urllib3/issues/3020
  warnings.warn(

======================================================================
  UPDATING ON/OFF CACHE
  Charlotte Hornets | 2025-26
======================================================================

Loading existing cache...
   Existing games in cache: 47
   Existing roster: 19 players

Checking for new games...

Cache is up to date! (47 games)
Updating Chicago Bulls...
/Users/tyvanklinger/Library/Python/3.8/lib/python/site-packages/urllib3/__init__.py:35: NotOpenSSLWarning: urllib3 v2 only supports OpenSSL 1.1.1+, currently the 'ssl' module is compiled with 'LibreSSL 2.8.3'. See: https://github.com/urllib3/urllib3/issues/3020
  warnings.warn(

======================================================================
  UPDATING ON/OFF CACHE
  Chicago Bulls | 2025-26
======================================================================

Loading existing cache...
   Existing games in cache: 46
   Existing roster: 18 players

Checking for new games...

Cache is up to date! (46 games)
Updating Cleveland Cavaliers...
/Users/tyvanklinger/Library/Python/3.8/lib/python/site-packages/urllib3/__init__.py:35: NotOpenSSLWarning: urllib3 v2 only supports OpenSSL 1.1.1+, currently the 'ssl' module is compiled with 'LibreSSL 2.8.3'. See: https://github.com/urllib3/urllib3/issues/3020
  warnings.warn(

======================================================================
  UPDATING ON/OFF CACHE
  Cleveland Cavaliers | 2025-26
======================================================================

Loading existing cache...
   Existing games in cache: 48
   Existing roster: 16 players

Checking for new games...

Cache is up to date! (48 games)
Updating Dallas Mavericks...
/Users/tyvanklinger/Library/Python/3.8/lib/python/site-packages/urllib3/__init__.py:35: NotOpenSSLWarning: urllib3 v2 only supports OpenSSL 1.1.1+, currently the 'ssl' module is compiled with 'LibreSSL 2.8.3'. See: https://github.com/urllib3/urllib3/issues/3020
  warnings.warn(

======================================================================
  UPDATING ON/OFF CACHE
  Dallas Mavericks | 2025-26
======================================================================

Loading existing cache...
   Existing games in cache: 46
   Existing roster: 17 players

Checking for new games...

Cache is up to date! (46 games)
Updating Denver Nuggets...
/Users/tyvanklinger/Library/Python/3.8/lib/python/site-packages/urllib3/__init__.py:35: NotOpenSSLWarning: urllib3 v2 only supports OpenSSL 1.1.1+, currently the 'ssl' module is compiled with 'LibreSSL 2.8.3'. See: https://github.com/urllib3/urllib3/issues/3020
  warnings.warn(

======================================================================
  UPDATING ON/OFF CACHE
  Denver Nuggets | 2025-26
======================================================================

Loading existing cache...
   Existing games in cache: 46
   Existing roster: 16 players

Checking for new games...
   Found 1 new games to process

Processing 1 new games...
----------------------------------------------------------------------
[  1/1] 0022500668 (100.0%) OK (1748 events)
----------------------------------------------------------------------
Processed 1/1 new games
New events: 1748

Rebuilding roster from all play-by-play data...
   Found 16 players who played this season

Cache updated: onoff_cache/Denver_Nuggets_2025-26_combo.json
   Total games: 47
   Total events: 83880
   Size: 12.3 MB
Updating Detroit Pistons...
/Users/tyvanklinger/Library/Python/3.8/lib/python/site-packages/urllib3/__init__.py:35: NotOpenSSLWarning: urllib3 v2 only supports OpenSSL 1.1.1+, currently the 'ssl' module is compiled with 'LibreSSL 2.8.3'. See: https://github.com/urllib3/urllib3/issues/3020
  warnings.warn(

======================================================================
  UPDATING ON/OFF CACHE
  Detroit Pistons | 2025-26
======================================================================

Loading existing cache...
   Existing games in cache: 44
   Existing roster: 19 players

Checking for new games...
   Found 1 new games to process

Processing 1 new games...
----------------------------------------------------------------------
[  1/1] 0022500668 (100.0%) OK (1738 events)
----------------------------------------------------------------------
Processed 1/1 new games
New events: 1738

Rebuilding roster from all play-by-play data...
   Found 19 players who played this season

Cache updated: onoff_cache/Detroit_Pistons_2025-26_combo.json
   Total games: 45
   Total events: 83187
   Size: 12.3 MB
Updating Golden State Warriors...
/Users/tyvanklinger/Library/Python/3.8/lib/python/site-packages/urllib3/__init__.py:35: NotOpenSSLWarning: urllib3 v2 only supports OpenSSL 1.1.1+, currently the 'ssl' module is compiled with 'LibreSSL 2.8.3'. See: https://github.com/urllib3/urllib3/issues/3020
  warnings.warn(

======================================================================
  UPDATING ON/OFF CACHE
  Golden State Warriors | 2025-26
======================================================================

Loading existing cache...
   Existing games in cache: 48
   Existing roster: 18 players

Checking for new games...

Cache is up to date! (48 games)
Updating Houston Rockets...
/Users/tyvanklinger/Library/Python/3.8/lib/python/site-packages/urllib3/__init__.py:35: NotOpenSSLWarning: urllib3 v2 only supports OpenSSL 1.1.1+, currently the 'ssl' module is compiled with 'LibreSSL 2.8.3'. See: https://github.com/urllib3/urllib3/issues/3020
  warnings.warn(

======================================================================
  UPDATING ON/OFF CACHE
  Houston Rockets | 2025-26
======================================================================

Loading existing cache...
   Existing games in cache: 44
   Existing roster: 15 players

Checking for new games...

Cache is up to date! (44 games)
Updating Indiana Pacers...
/Users/tyvanklinger/Library/Python/3.8/lib/python/site-packages/urllib3/__init__.py:35: NotOpenSSLWarning: urllib3 v2 only supports OpenSSL 1.1.1+, currently the 'ssl' module is compiled with 'LibreSSL 2.8.3'. See: https://github.com/urllib3/urllib3/issues/3020
  warnings.warn(

======================================================================
  UPDATING ON/OFF CACHE
  Indiana Pacers | 2025-26
======================================================================

Loading existing cache...
   Existing games in cache: 47
   Existing roster: 24 players

Checking for new games...

Cache is up to date! (47 games)
Updating Los Angeles Clippers...
/Users/tyvanklinger/Library/Python/3.8/lib/python/site-packages/urllib3/__init__.py:35: NotOpenSSLWarning: urllib3 v2 only supports OpenSSL 1.1.1+, currently the 'ssl' module is compiled with 'LibreSSL 2.8.3'. See: https://github.com/urllib3/urllib3/issues/3020
  warnings.warn(

======================================================================
  UPDATING ON/OFF CACHE
  Los Angeles Clippers | 2025-26
======================================================================

Loading existing cache...
   Existing games in cache: 45
   Existing roster: 20 players

Checking for new games...
   Found 1 new games to process

Processing 1 new games...
----------------------------------------------------------------------
[  1/1] 0022500670 (100.0%) OK (1774 events)
----------------------------------------------------------------------
Processed 1/1 new games
New events: 1774

Rebuilding roster from all play-by-play data...
   Found 20 players who played this season

Cache updated: onoff_cache/Los_Angeles_Clippers_2025-26_combo.json
   Total games: 46
   Total events: 81300
   Size: 11.8 MB
Updating Los Angeles Lakers...
/Users/tyvanklinger/Library/Python/3.8/lib/python/site-packages/urllib3/__init__.py:35: NotOpenSSLWarning: urllib3 v2 only supports OpenSSL 1.1.1+, currently the 'ssl' module is compiled with 'LibreSSL 2.8.3'. See: https://github.com/urllib3/urllib3/issues/3020
  warnings.warn(

======================================================================
  UPDATING ON/OFF CACHE
  Los Angeles Lakers | 2025-26
======================================================================

Loading existing cache...
   Existing games in cache: 45
   Existing roster: 19 players

Checking for new games...

Cache is up to date! (45 games)
Updating Memphis Grizzlies...
/Users/tyvanklinger/Library/Python/3.8/lib/python/site-packages/urllib3/__init__.py:35: NotOpenSSLWarning: urllib3 v2 only supports OpenSSL 1.1.1+, currently the 'ssl' module is compiled with 'LibreSSL 2.8.3'. See: https://github.com/urllib3/urllib3/issues/3020
  warnings.warn(

======================================================================
  UPDATING ON/OFF CACHE
  Memphis Grizzlies | 2025-26
======================================================================

Loading existing cache...
   Existing games in cache: 44
   Existing roster: 19 players

Checking for new games...

Cache is up to date! (44 games)
Updating Miami Heat...
/Users/tyvanklinger/Library/Python/3.8/lib/python/site-packages/urllib3/__init__.py:35: NotOpenSSLWarning: urllib3 v2 only supports OpenSSL 1.1.1+, currently the 'ssl' module is compiled with 'LibreSSL 2.8.3'. See: https://github.com/urllib3/urllib3/issues/3020
  warnings.warn(

======================================================================
  UPDATING ON/OFF CACHE
  Miami Heat | 2025-26
======================================================================

Loading existing cache...
   Existing games in cache: 47
   Existing roster: 16 players

Checking for new games...

Cache is up to date! (47 games)
Updating Milwaukee Bucks...
/Users/tyvanklinger/Library/Python/3.8/lib/python/site-packages/urllib3/__init__.py:35: NotOpenSSLWarning: urllib3 v2 only supports OpenSSL 1.1.1+, currently the 'ssl' module is compiled with 'LibreSSL 2.8.3'. See: https://github.com/urllib3/urllib3/issues/3020
  warnings.warn(

======================================================================
  UPDATING ON/OFF CACHE
  Milwaukee Bucks | 2025-26
======================================================================

Loading existing cache...
   Existing games in cache: 44
   Existing roster: 17 players

Checking for new games...
   Found 1 new games to process

Processing 1 new games...
----------------------------------------------------------------------
[  1/1] 0022500666 (100.0%) OK (1786 events)
----------------------------------------------------------------------
Processed 1/1 new games
New events: 1786

Rebuilding roster from all play-by-play data...
   Found 17 players who played this season

Cache updated: onoff_cache/Milwaukee_Bucks_2025-26_combo.json
   Total games: 45
   Total events: 79774
   Size: 11.7 MB
Updating Minnesota Timberwolves...
/Users/tyvanklinger/Library/Python/3.8/lib/python/site-packages/urllib3/__init__.py:35: NotOpenSSLWarning: urllib3 v2 only supports OpenSSL 1.1.1+, currently the 'ssl' module is compiled with 'LibreSSL 2.8.3'. See: https://github.com/urllib3/urllib3/issues/3020
  warnings.warn(

======================================================================
  UPDATING ON/OFF CACHE
  Minnesota Timberwolves | 2025-26
======================================================================

Loading existing cache...
   Existing games in cache: 47
   Existing roster: 15 players

Checking for new games...

Cache is up to date! (47 games)
Updating New Orleans Pelicans...
/Users/tyvanklinger/Library/Python/3.8/lib/python/site-packages/urllib3/__init__.py:35: NotOpenSSLWarning: urllib3 v2 only supports OpenSSL 1.1.1+, currently the 'ssl' module is compiled with 'LibreSSL 2.8.3'. See: https://github.com/urllib3/urllib3/issues/3020
  warnings.warn(

======================================================================
  UPDATING ON/OFF CACHE
  New Orleans Pelicans | 2025-26
======================================================================

Loading existing cache...
   Existing games in cache: 48
   Existing roster: 17 players

Checking for new games...
   Found 1 new games to process

Processing 1 new games...
----------------------------------------------------------------------
[  1/1] 0022500667 (100.0%) OK (1943 events)
----------------------------------------------------------------------
Processed 1/1 new games
New events: 1943

Rebuilding roster from all play-by-play data...
   Found 17 players who played this season

Cache updated: onoff_cache/New_Orleans_Pelicans_2025-26_combo.json
   Total games: 49
   Total events: 90402
   Size: 13.4 MB
Updating New York Knicks...
/Users/tyvanklinger/Library/Python/3.8/lib/python/site-packages/urllib3/__init__.py:35: NotOpenSSLWarning: urllib3 v2 only supports OpenSSL 1.1.1+, currently the 'ssl' module is compiled with 'LibreSSL 2.8.3'. See: https://github.com/urllib3/urllib3/issues/3020
  warnings.warn(

======================================================================
  UPDATING ON/OFF CACHE
  New York Knicks | 2025-26
======================================================================

Loading existing cache...
   Existing games in cache: 45
   Existing roster: 17 players

Checking for new games...
   Found 1 new games to process

Processing 1 new games...
----------------------------------------------------------------------
[  1/1] 0022500665 (100.0%) OK (1757 events)
----------------------------------------------------------------------
Processed 1/1 new games
New events: 1757

Rebuilding roster from all play-by-play data...
   Found 17 players who played this season

Cache updated: onoff_cache/New_York_Knicks_2025-26_combo.json
   Total games: 46
   Total events: 83243
   Size: 12.3 MB
Updating Oklahoma City Thunder...
/Users/tyvanklinger/Library/Python/3.8/lib/python/site-packages/urllib3/__init__.py:35: NotOpenSSLWarning: urllib3 v2 only supports OpenSSL 1.1.1+, currently the 'ssl' module is compiled with 'LibreSSL 2.8.3'. See: https://github.com/urllib3/urllib3/issues/3020
  warnings.warn(

======================================================================
  UPDATING ON/OFF CACHE
  Oklahoma City Thunder | 2025-26
======================================================================

Loading existing cache...
   Existing games in cache: 47
   Existing roster: 16 players

Checking for new games...
   Found 1 new games to process

Processing 1 new games...
----------------------------------------------------------------------
[  1/1] 0022500667 (100.0%) OK (1939 events)
----------------------------------------------------------------------
Processed 1/1 new games
New events: 1939

Rebuilding roster from all play-by-play data...
   Found 16 players who played this season

Cache updated: onoff_cache/Oklahoma_City_Thunder_2025-26_combo.json
   Total games: 48
   Total events: 88273
   Size: 13.1 MB
Updating Orlando Magic...
/Users/tyvanklinger/Library/Python/3.8/lib/python/site-packages/urllib3/__init__.py:35: NotOpenSSLWarning: urllib3 v2 only supports OpenSSL 1.1.1+, currently the 'ssl' module is compiled with 'LibreSSL 2.8.3'. See: https://github.com/urllib3/urllib3/issues/3020
  warnings.warn(

======================================================================
  UPDATING ON/OFF CACHE
  Orlando Magic | 2025-26
======================================================================

Loading existing cache...
   Existing games in cache: 45
   Existing roster: 16 players

Checking for new games...

Cache is up to date! (45 games)
Updating Philadelphia 76ers...
/Users/tyvanklinger/Library/Python/3.8/lib/python/site-packages/urllib3/__init__.py:35: NotOpenSSLWarning: urllib3 v2 only supports OpenSSL 1.1.1+, currently the 'ssl' module is compiled with 'LibreSSL 2.8.3'. See: https://github.com/urllib3/urllib3/issues/3020
  warnings.warn(

======================================================================
  UPDATING ON/OFF CACHE
  Philadelphia 76ers | 2025-26
======================================================================

Loading existing cache...
   Existing games in cache: 45
   Existing roster: 17 players

Checking for new games...
   Found 1 new games to process

Processing 1 new games...
----------------------------------------------------------------------
[  1/1] 0022500666 (100.0%) OK (1798 events)
----------------------------------------------------------------------
Processed 1/1 new games
New events: 1798

Rebuilding roster from all play-by-play data...
   Found 17 players who played this season

Cache updated: onoff_cache/Philadelphia_76ers_2025-26_combo.json
   Total games: 46
   Total events: 84798
   Size: 12.4 MB
Updating Phoenix Suns...
/Users/tyvanklinger/Library/Python/3.8/lib/python/site-packages/urllib3/__init__.py:35: NotOpenSSLWarning: urllib3 v2 only supports OpenSSL 1.1.1+, currently the 'ssl' module is compiled with 'LibreSSL 2.8.3'. See: https://github.com/urllib3/urllib3/issues/3020
  warnings.warn(

======================================================================
  UPDATING ON/OFF CACHE
  Phoenix Suns | 2025-26
======================================================================

Loading existing cache...
   Existing games in cache: 46
   Existing roster: 17 players

Checking for new games...
   Found 1 new games to process

Processing 1 new games...
----------------------------------------------------------------------
[  1/1] 0022500669 (100.0%) OK (1596 events)
----------------------------------------------------------------------
Processed 1/1 new games
New events: 1596

Rebuilding roster from all play-by-play data...
   Found 17 players who played this season

Cache updated: onoff_cache/Phoenix_Suns_2025-26_combo.json
   Total games: 47
   Total events: 85793
   Size: 12.7 MB
Updating Portland Trail Blazers...
/Users/tyvanklinger/Library/Python/3.8/lib/python/site-packages/urllib3/__init__.py:35: NotOpenSSLWarning: urllib3 v2 only supports OpenSSL 1.1.1+, currently the 'ssl' module is compiled with 'LibreSSL 2.8.3'. See: https://github.com/urllib3/urllib3/issues/3020
  warnings.warn(

======================================================================
  UPDATING ON/OFF CACHE
  Portland Trail Blazers | 2025-26
======================================================================

Loading existing cache...
   Existing games in cache: 47
   Existing roster: 16 players

Checking for new games...
   Found 1 new games to process

Processing 1 new games...
----------------------------------------------------------------------
[  1/1] 0022500664 (100.0%) OK (2100 events)
----------------------------------------------------------------------
Processed 1/1 new games
New events: 2100

Rebuilding roster from all play-by-play data...
   Found 16 players who played this season

Cache updated: onoff_cache/Portland_Trail_Blazers_2025-26_combo.json
   Total games: 48
   Total events: 89637
   Size: 13.2 MB
Updating Sacramento Kings...
/Users/tyvanklinger/Library/Python/3.8/lib/python/site-packages/urllib3/__init__.py:35: NotOpenSSLWarning: urllib3 v2 only supports OpenSSL 1.1.1+, currently the 'ssl' module is compiled with 'LibreSSL 2.8.3'. See: https://github.com/urllib3/urllib3/issues/3020
  warnings.warn(

======================================================================
  UPDATING ON/OFF CACHE
  Sacramento Kings | 2025-26
======================================================================

Loading existing cache...
   Existing games in cache: 47
   Existing roster: 18 players

Checking for new games...
   Found 1 new games to process

Processing 1 new games...
----------------------------------------------------------------------
[  1/1] 0022500665 (100.0%) OK (1754 events)
----------------------------------------------------------------------
Processed 1/1 new games
New events: 1754

Rebuilding roster from all play-by-play data...
   Found 18 players who played this season

Cache updated: onoff_cache/Sacramento_Kings_2025-26_combo.json
   Total games: 48
   Total events: 86525
   Size: 12.6 MB
Updating San Antonio Spurs...
/Users/tyvanklinger/Library/Python/3.8/lib/python/site-packages/urllib3/__init__.py:35: NotOpenSSLWarning: urllib3 v2 only supports OpenSSL 1.1.1+, currently the 'ssl' module is compiled with 'LibreSSL 2.8.3'. See: https://github.com/urllib3/urllib3/issues/3020
  warnings.warn(

======================================================================
  UPDATING ON/OFF CACHE
  San Antonio Spurs | 2025-26
======================================================================

Loading existing cache...
   Existing games in cache: 46
   Existing roster: 18 players

Checking for new games...

Cache is up to date! (46 games)
Updating Toronto Raptors...
/Users/tyvanklinger/Library/Python/3.8/lib/python/site-packages/urllib3/__init__.py:35: NotOpenSSLWarning: urllib3 v2 only supports OpenSSL 1.1.1+, currently the 'ssl' module is compiled with 'LibreSSL 2.8.3'. See: https://github.com/urllib3/urllib3/issues/3020
  warnings.warn(

======================================================================
  UPDATING ON/OFF CACHE
  Toronto Raptors | 2025-26
======================================================================

Loading existing cache...
   Existing games in cache: 48
   Existing roster: 18 players

Checking for new games...

Cache is up to date! (48 games)
Updating Utah Jazz...
/Users/tyvanklinger/Library/Python/3.8/lib/python/site-packages/urllib3/__init__.py:35: NotOpenSSLWarning: urllib3 v2 only supports OpenSSL 1.1.1+, currently the 'ssl' module is compiled with 'LibreSSL 2.8.3'. See: https://github.com/urllib3/urllib3/issues/3020
  warnings.warn(

======================================================================
  UPDATING ON/OFF CACHE
  Utah Jazz | 2025-26
======================================================================

Loading existing cache...
   Existing games in cache: 46
   Existing roster: 16 players

Checking for new games...
   Found 1 new games to process

Processing 1 new games...
----------------------------------------------------------------------
[  1/1] 0022500670 (100.0%) OK (1721 events)
----------------------------------------------------------------------
Processed 1/1 new games
New events: 1721

Rebuilding roster from all play-by-play data...
   Found 16 players who played this season

Cache updated: onoff_cache/Utah_Jazz_2025-26_combo.json
   Total games: 47
   Total events: 87504
   Size: 12.9 MB
Updating Washington Wizards...
/Users/tyvanklinger/Library/Python/3.8/lib/python/site-packages/urllib3/__init__.py:35: NotOpenSSLWarning: urllib3 v2 only supports OpenSSL 1.1.1+, currently the 'ssl' module is compiled with 'LibreSSL 2.8.3'. See: https://github.com/urllib3/urllib3/issues/3020
  warnings.warn(

======================================================================
  UPDATING ON/OFF CACHE
  Washington Wizards | 2025-26
======================================================================

Loading existing cache...
   Existing games in cache: 44
   Existing roster: 18 players

Checking for new games...
   Found 1 new games to process

Processing 1 new games...
----------------------------------------------------------------------
[  1/1] 0022500664 (100.0%) OK (2065 events)
----------------------------------------------------------------------
Processed 1/1 new games
New events: 2065

Rebuilding roster from all play-by-play data...
   Found 19 players who played this season
   New players added: Skal Labissiere

Cache updated: onoff_cache/Washington_Wizards_2025-26_combo.json
   Total games: 45
   Total events: 83397
   Size: 12.2 MB
[main da2e18c] ðŸ€ Auto-update NBA on/off data 2026-01-28
 16 files changed, 767 insertions(+), 15 deletions(-)
 rewrite minutes_data.json (78%)
 create mode 100644 refresh_4am.log
fatal: could not read Username for 'https://github.com': Device not configured

>>> Committing and pushing...
On branch main
Your branch is ahead of 'origin/main' by 1 commit.
  (use "git push" to publish your local commits)

Changes not staged for commit:
	modified:   refresh_4am.log

no changes added to commit
error: cannot pull with rebase: You have unstaged changes.
error: please commit or stash them.

âœ“ Done: Wed Jan 28 04:04:18 EST 2026
==========================================
4 AM Data Refresh: Fri Jan 30 04:00:00 EST 2026
==========================================

>>> Updating Minutes data...
Fetching league game logs...
Got 15512 game log entries
Processing Atlanta Hawks...
  âœ“ 19 players, 50 games
Processing Boston Celtics...
  âœ“ 15 players, 47 games
Processing Brooklyn Nets...
  âœ“ 16 players, 46 games
Processing Charlotte Hornets...
  âœ“ 19 players, 49 games
Processing Chicago Bulls...
  âœ“ 18 players, 48 games
Processing Cleveland Cavaliers...
  âœ“ 16 players, 49 games
Processing Dallas Mavericks...
  âœ“ 17 players, 48 games
Processing Denver Nuggets...
  âœ“ 16 players, 48 games
Processing Detroit Pistons...
  âœ“ 19 players, 46 games
Processing Golden State Warriors...
  âœ“ 18 players, 49 games
Processing Houston Rockets...
  âœ“ 15 players, 46 games
Processing Indiana Pacers...
  âœ“ 24 players, 48 games
Processing LA Clippers...
  âœ“ 20 players, 46 games
Processing Los Angeles Lakers...
  âœ“ 19 players, 46 games
Processing Memphis Grizzlies...
  âœ“ 19 players, 45 games
Processing Miami Heat...
  âœ“ 16 players, 49 games
Processing Milwaukee Bucks...
  âœ“ 17 players, 46 games
Processing Minnesota Timberwolves...
  âœ“ 15 players, 49 games
Processing New Orleans Pelicans...
  âœ“ 17 players, 49 games
Processing New York Knicks...
  âœ“ 17 players, 47 games
Processing Oklahoma City Thunder...
  âœ“ 16 players, 49 games
Processing Orlando Magic...
  âœ“ 16 players, 46 games
Processing Philadelphia 76ers...
  âœ“ 17 players, 47 games
Processing Phoenix Suns...
  âœ“ 17 players, 48 games
Processing Portland Trail Blazers...
  âœ“ 16 players, 48 games
Processing Sacramento Kings...
  âœ“ 18 players, 49 games
Processing San Antonio Spurs...
  âœ“ 18 players, 47 games
Processing Toronto Raptors...
  âœ“ 18 players, 49 games
Processing Utah Jazz...
  âœ“ 16 players, 48 games
Processing Washington Wizards...
  âœ“ 19 players, 46 games

âœ“ Saved to minutes_data.json
  Updated: 2026-01-30 04:00:08 ET
  Teams: 30

>>> Updating On/Off data...
Updating Atlanta Hawks...
/Users/tyvanklinger/Library/Python/3.8/lib/python/site-packages/urllib3/__init__.py:35: NotOpenSSLWarning: urllib3 v2 only supports OpenSSL 1.1.1+, currently the 'ssl' module is compiled with 'LibreSSL 2.8.3'. See: https://github.com/urllib3/urllib3/issues/3020
  warnings.warn(

======================================================================
  UPDATING ON/OFF CACHE
  Atlanta Hawks | 2025-26
======================================================================

Loading existing cache...
   Existing games in cache: 49
   Existing roster: 19 players

Checking for new games...
   Found 1 new games to process

Processing 1 new games...
----------------------------------------------------------------------
[  1/1] 0022500682 (100.0%) OK (1907 events)
----------------------------------------------------------------------
Processed 1/1 new games
New events: 1907

Rebuilding roster from all play-by-play data...
   Found 19 players who played this season

Cache updated: onoff_cache/Atlanta_Hawks_2025-26_combo.json
   Total games: 50
   Total events: 93073
   Size: 13.7 MB
Updating Boston Celtics...
/Users/tyvanklinger/Library/Python/3.8/lib/python/site-packages/urllib3/__init__.py:35: NotOpenSSLWarning: urllib3 v2 only supports OpenSSL 1.1.1+, currently the 'ssl' module is compiled with 'LibreSSL 2.8.3'. See: https://github.com/urllib3/urllib3/issues/3020
  warnings.warn(

======================================================================
  UPDATING ON/OFF CACHE
  Boston Celtics | 2025-26
======================================================================

Loading existing cache...
   Existing games in cache: 47
   Existing roster: 15 players

Checking for new games...

Cache is up to date! (47 games)
Updating Brooklyn Nets...
/Users/tyvanklinger/Library/Python/3.8/lib/python/site-packages/urllib3/__init__.py:35: NotOpenSSLWarning: urllib3 v2 only supports OpenSSL 1.1.1+, currently the 'ssl' module is compiled with 'LibreSSL 2.8.3'. See: https://github.com/urllib3/urllib3/issues/3020
  warnings.warn(

======================================================================
  UPDATING ON/OFF CACHE
  Brooklyn Nets | 2025-26
======================================================================

Loading existing cache...
   Existing games in cache: 45
   Existing roster: 16 players

Checking for new games...
   Found 1 new games to process

Processing 1 new games...
----------------------------------------------------------------------
[  1/1] 0022500684 (100.0%) OK (1609 events)
----------------------------------------------------------------------
Processed 1/1 new games
New events: 1609

Rebuilding roster from all play-by-play data...
   Found 16 players who played this season

Cache updated: onoff_cache/Brooklyn_Nets_2025-26_combo.json
   Total games: 46
   Total events: 80720
   Size: 11.9 MB
Updating Charlotte Hornets...
/Users/tyvanklinger/Library/Python/3.8/lib/python/site-packages/urllib3/__init__.py:35: NotOpenSSLWarning: urllib3 v2 only supports OpenSSL 1.1.1+, currently the 'ssl' module is compiled with 'LibreSSL 2.8.3'. See: https://github.com/urllib3/urllib3/issues/3020
  warnings.warn(

======================================================================
  UPDATING ON/OFF CACHE
  Charlotte Hornets | 2025-26
======================================================================

Loading existing cache...
   Existing games in cache: 48
   Existing roster: 19 players

Checking for new games...
Traceback (most recent call last):
  File "/Users/tyvanklinger/Library/Python/3.8/lib/python/site-packages/urllib3/connectionpool.py", line 789, in urlopen
    response = self._make_request(
  File "/Users/tyvanklinger/Library/Python/3.8/lib/python/site-packages/urllib3/connectionpool.py", line 490, in _make_request
    raise new_e
  File "/Users/tyvanklinger/Library/Python/3.8/lib/python/site-packages/urllib3/connectionpool.py", line 466, in _make_request
    self._validate_conn(conn)
  File "/Users/tyvanklinger/Library/Python/3.8/lib/python/site-packages/urllib3/connectionpool.py", line 1095, in _validate_conn
    conn.connect()
  File "/Users/tyvanklinger/Library/Python/3.8/lib/python/site-packages/urllib3/connection.py", line 730, in connect
    sock_and_verified = _ssl_wrap_socket_and_match_hostname(
  File "/Users/tyvanklinger/Library/Python/3.8/lib/python/site-packages/urllib3/connection.py", line 909, in _ssl_wrap_socket_and_match_hostname
    ssl_sock = ssl_wrap_socket(
  File "/Users/tyvanklinger/Library/Python/3.8/lib/python/site-packages/urllib3/util/ssl_.py", line 469, in ssl_wrap_socket
    ssl_sock = _ssl_wrap_socket_impl(sock, context, tls_in_tls, server_hostname)
  File "/Users/tyvanklinger/Library/Python/3.8/lib/python/site-packages/urllib3/util/ssl_.py", line 513, in _ssl_wrap_socket_impl
    return ssl_context.wrap_socket(sock, server_hostname=server_hostname)
  File "/Library/Developer/CommandLineTools/Library/Frameworks/Python3.framework/Versions/3.8/lib/python3.8/ssl.py", line 500, in wrap_socket
    return self.sslsocket_class._create(
  File "/Library/Developer/CommandLineTools/Library/Frameworks/Python3.framework/Versions/3.8/lib/python3.8/ssl.py", line 1040, in _create
    self.do_handshake()
  File "/Library/Developer/CommandLineTools/Library/Frameworks/Python3.framework/Versions/3.8/lib/python3.8/ssl.py", line 1309, in do_handshake
    self._sslobj.do_handshake()
TimeoutError: [Errno 60] Operation timed out

During handling of the above exception, another exception occurred:

Traceback (most recent call last):
  File "/Users/tyvanklinger/Library/Python/3.8/lib/python/site-packages/requests/adapters.py", line 667, in send
    resp = conn.urlopen(
  File "/Users/tyvanklinger/Library/Python/3.8/lib/python/site-packages/urllib3/connectionpool.py", line 843, in urlopen
    retries = retries.increment(
  File "/Users/tyvanklinger/Library/Python/3.8/lib/python/site-packages/urllib3/util/retry.py", line 474, in increment
    raise reraise(type(error), error, _stacktrace)
  File "/Users/tyvanklinger/Library/Python/3.8/lib/python/site-packages/urllib3/util/util.py", line 38, in reraise
    raise value.with_traceback(tb)
  File "/Users/tyvanklinger/Library/Python/3.8/lib/python/site-packages/urllib3/connectionpool.py", line 789, in urlopen
    response = self._make_request(
  File "/Users/tyvanklinger/Library/Python/3.8/lib/python/site-packages/urllib3/connectionpool.py", line 490, in _make_request
    raise new_e
  File "/Users/tyvanklinger/Library/Python/3.8/lib/python/site-packages/urllib3/connectionpool.py", line 466, in _make_request
    self._validate_conn(conn)
  File "/Users/tyvanklinger/Library/Python/3.8/lib/python/site-packages/urllib3/connectionpool.py", line 1095, in _validate_conn
    conn.connect()
  File "/Users/tyvanklinger/Library/Python/3.8/lib/python/site-packages/urllib3/connection.py", line 730, in connect
    sock_and_verified = _ssl_wrap_socket_and_match_hostname(
  File "/Users/tyvanklinger/Library/Python/3.8/lib/python/site-packages/urllib3/connection.py", line 909, in _ssl_wrap_socket_and_match_hostname
    ssl_sock = ssl_wrap_socket(
  File "/Users/tyvanklinger/Library/Python/3.8/lib/python/site-packages/urllib3/util/ssl_.py", line 469, in ssl_wrap_socket
    ssl_sock = _ssl_wrap_socket_impl(sock, context, tls_in_tls, server_hostname)
  File "/Users/tyvanklinger/Library/Python/3.8/lib/python/site-packages/urllib3/util/ssl_.py", line 513, in _ssl_wrap_socket_impl
    return ssl_context.wrap_socket(sock, server_hostname=server_hostname)
  File "/Library/Developer/CommandLineTools/Library/Frameworks/Python3.framework/Versions/3.8/lib/python3.8/ssl.py", line 500, in wrap_socket
    return self.sslsocket_class._create(
  File "/Library/Developer/CommandLineTools/Library/Frameworks/Python3.framework/Versions/3.8/lib/python3.8/ssl.py", line 1040, in _create
    self.do_handshake()
  File "/Library/Developer/CommandLineTools/Library/Frameworks/Python3.framework/Versions/3.8/lib/python3.8/ssl.py", line 1309, in do_handshake
    self._sslobj.do_handshake()
urllib3.exceptions.ProtocolError: ('Connection aborted.', TimeoutError(60, 'Operation timed out'))

During handling of the above exception, another exception occurred:

Traceback (most recent call last):
  File "python/Charlotte Hornets 2025-2026.py", line 743, in <module>
    main()
  File "python/Charlotte Hornets 2025-2026.py", line 728, in main
    update_cache(args.team, args.season)
  File "python/Charlotte Hornets 2025-2026.py", line 480, in update_cache
    all_game_ids = get_team_games(team_id, season)
  File "python/Charlotte Hornets 2025-2026.py", line 155, in get_team_games
    finder = leaguegamefinder.LeagueGameFinder(
  File "/Users/tyvanklinger/Library/Python/3.8/lib/python/site-packages/nba_api/stats/endpoints/leaguegamefinder.py", line 249, in __init__
    self.get_request()
  File "/Users/tyvanklinger/Library/Python/3.8/lib/python/site-packages/nba_api/stats/endpoints/leaguegamefinder.py", line 252, in get_request
    self.nba_response = NBAStatsHTTP().send_api_request(
  File "/Users/tyvanklinger/Library/Python/3.8/lib/python/site-packages/nba_api/library/http.py", line 146, in send_api_request
    response = requests.get(
  File "/Users/tyvanklinger/Library/Python/3.8/lib/python/site-packages/requests/api.py", line 73, in get
    return request("get", url, params=params, **kwargs)
  File "/Users/tyvanklinger/Library/Python/3.8/lib/python/site-packages/requests/api.py", line 59, in request
    return session.request(method=method, url=url, **kwargs)
  File "/Users/tyvanklinger/Library/Python/3.8/lib/python/site-packages/requests/sessions.py", line 589, in request
    resp = self.send(prep, **send_kwargs)
  File "/Users/tyvanklinger/Library/Python/3.8/lib/python/site-packages/requests/sessions.py", line 703, in send
    r = adapter.send(request, **kwargs)
  File "/Users/tyvanklinger/Library/Python/3.8/lib/python/site-packages/requests/adapters.py", line 682, in send
    raise ConnectionError(err, request=request)
requests.exceptions.ConnectionError: ('Connection aborted.', TimeoutError(60, 'Operation timed out'))
Updating Chicago Bulls...
/Users/tyvanklinger/Library/Python/3.8/lib/python/site-packages/urllib3/__init__.py:35: NotOpenSSLWarning: urllib3 v2 only supports OpenSSL 1.1.1+, currently the 'ssl' module is compiled with 'LibreSSL 2.8.3'. See: https://github.com/urllib3/urllib3/issues/3020
  warnings.warn(

======================================================================
  UPDATING ON/OFF CACHE
  Chicago Bulls | 2025-26
======================================================================

Loading existing cache...
   Existing games in cache: 47
   Existing roster: 18 players

Checking for new games...
Traceback (most recent call last):
  File "/Users/tyvanklinger/Library/Python/3.8/lib/python/site-packages/urllib3/connectionpool.py", line 789, in urlopen
    response = self._make_request(
  File "/Users/tyvanklinger/Library/Python/3.8/lib/python/site-packages/urllib3/connectionpool.py", line 490, in _make_request
    raise new_e
  File "/Users/tyvanklinger/Library/Python/3.8/lib/python/site-packages/urllib3/connectionpool.py", line 466, in _make_request
    self._validate_conn(conn)
  File "/Users/tyvanklinger/Library/Python/3.8/lib/python/site-packages/urllib3/connectionpool.py", line 1095, in _validate_conn
    conn.connect()
  File "/Users/tyvanklinger/Library/Python/3.8/lib/python/site-packages/urllib3/connection.py", line 730, in connect
    sock_and_verified = _ssl_wrap_socket_and_match_hostname(
  File "/Users/tyvanklinger/Library/Python/3.8/lib/python/site-packages/urllib3/connection.py", line 909, in _ssl_wrap_socket_and_match_hostname
    ssl_sock = ssl_wrap_socket(
  File "/Users/tyvanklinger/Library/Python/3.8/lib/python/site-packages/urllib3/util/ssl_.py", line 469, in ssl_wrap_socket
    ssl_sock = _ssl_wrap_socket_impl(sock, context, tls_in_tls, server_hostname)
  File "/Users/tyvanklinger/Library/Python/3.8/lib/python/site-packages/urllib3/util/ssl_.py", line 513, in _ssl_wrap_socket_impl
    return ssl_context.wrap_socket(sock, server_hostname=server_hostname)
  File "/Library/Developer/CommandLineTools/Library/Frameworks/Python3.framework/Versions/3.8/lib/python3.8/ssl.py", line 500, in wrap_socket
    return self.sslsocket_class._create(
  File "/Library/Developer/CommandLineTools/Library/Frameworks/Python3.framework/Versions/3.8/lib/python3.8/ssl.py", line 1040, in _create
    self.do_handshake()
  File "/Library/Developer/CommandLineTools/Library/Frameworks/Python3.framework/Versions/3.8/lib/python3.8/ssl.py", line 1309, in do_handshake
    self._sslobj.do_handshake()
TimeoutError: [Errno 60] Operation timed out

During handling of the above exception, another exception occurred:

Traceback (most recent call last):
  File "/Users/tyvanklinger/Library/Python/3.8/lib/python/site-packages/requests/adapters.py", line 667, in send
    resp = conn.urlopen(
  File "/Users/tyvanklinger/Library/Python/3.8/lib/python/site-packages/urllib3/connectionpool.py", line 843, in urlopen
    retries = retries.increment(
  File "/Users/tyvanklinger/Library/Python/3.8/lib/python/site-packages/urllib3/util/retry.py", line 474, in increment
    raise reraise(type(error), error, _stacktrace)
  File "/Users/tyvanklinger/Library/Python/3.8/lib/python/site-packages/urllib3/util/util.py", line 38, in reraise
    raise value.with_traceback(tb)
  File "/Users/tyvanklinger/Library/Python/3.8/lib/python/site-packages/urllib3/connectionpool.py", line 789, in urlopen
    response = self._make_request(
  File "/Users/tyvanklinger/Library/Python/3.8/lib/python/site-packages/urllib3/connectionpool.py", line 490, in _make_request
    raise new_e
  File "/Users/tyvanklinger/Library/Python/3.8/lib/python/site-packages/urllib3/connectionpool.py", line 466, in _make_request
    self._validate_conn(conn)
  File "/Users/tyvanklinger/Library/Python/3.8/lib/python/site-packages/urllib3/connectionpool.py", line 1095, in _validate_conn
    conn.connect()
  File "/Users/tyvanklinger/Library/Python/3.8/lib/python/site-packages/urllib3/connection.py", line 730, in connect
    sock_and_verified = _ssl_wrap_socket_and_match_hostname(
  File "/Users/tyvanklinger/Library/Python/3.8/lib/python/site-packages/urllib3/connection.py", line 909, in _ssl_wrap_socket_and_match_hostname
    ssl_sock = ssl_wrap_socket(
  File "/Users/tyvanklinger/Library/Python/3.8/lib/python/site-packages/urllib3/util/ssl_.py", line 469, in ssl_wrap_socket
    ssl_sock = _ssl_wrap_socket_impl(sock, context, tls_in_tls, server_hostname)
  File "/Users/tyvanklinger/Library/Python/3.8/lib/python/site-packages/urllib3/util/ssl_.py", line 513, in _ssl_wrap_socket_impl
    return ssl_context.wrap_socket(sock, server_hostname=server_hostname)
  File "/Library/Developer/CommandLineTools/Library/Frameworks/Python3.framework/Versions/3.8/lib/python3.8/ssl.py", line 500, in wrap_socket
    return self.sslsocket_class._create(
  File "/Library/Developer/CommandLineTools/Library/Frameworks/Python3.framework/Versions/3.8/lib/python3.8/ssl.py", line 1040, in _create
    self.do_handshake()
  File "/Library/Developer/CommandLineTools/Library/Frameworks/Python3.framework/Versions/3.8/lib/python3.8/ssl.py", line 1309, in do_handshake
    self._sslobj.do_handshake()
urllib3.exceptions.ProtocolError: ('Connection aborted.', TimeoutError(60, 'Operation timed out'))

During handling of the above exception, another exception occurred:

Traceback (most recent call last):
  File "python/Chicago Bulls 2025-2026.py", line 743, in <module>
    main()
  File "python/Chicago Bulls 2025-2026.py", line 728, in main
    update_cache(args.team, args.season)
  File "python/Chicago Bulls 2025-2026.py", line 480, in update_cache
    all_game_ids = get_team_games(team_id, season)
  File "python/Chicago Bulls 2025-2026.py", line 155, in get_team_games
    finder = leaguegamefinder.LeagueGameFinder(
  File "/Users/tyvanklinger/Library/Python/3.8/lib/python/site-packages/nba_api/stats/endpoints/leaguegamefinder.py", line 249, in __init__
    self.get_request()
  File "/Users/tyvanklinger/Library/Python/3.8/lib/python/site-packages/nba_api/stats/endpoints/leaguegamefinder.py", line 252, in get_request
    self.nba_response = NBAStatsHTTP().send_api_request(
  File "/Users/tyvanklinger/Library/Python/3.8/lib/python/site-packages/nba_api/library/http.py", line 146, in send_api_request
    response = requests.get(
  File "/Users/tyvanklinger/Library/Python/3.8/lib/python/site-packages/requests/api.py", line 73, in get
    return request("get", url, params=params, **kwargs)
  File "/Users/tyvanklinger/Library/Python/3.8/lib/python/site-packages/requests/api.py", line 59, in request
    return session.request(method=method, url=url, **kwargs)
  File "/Users/tyvanklinger/Library/Python/3.8/lib/python/site-packages/requests/sessions.py", line 589, in request
    resp = self.send(prep, **send_kwargs)
  File "/Users/tyvanklinger/Library/Python/3.8/lib/python/site-packages/requests/sessions.py", line 703, in send
    r = adapter.send(request, **kwargs)
  File "/Users/tyvanklinger/Library/Python/3.8/lib/python/site-packages/requests/adapters.py", line 682, in send
    raise ConnectionError(err, request=request)
requests.exceptions.ConnectionError: ('Connection aborted.', TimeoutError(60, 'Operation timed out'))
Updating Cleveland Cavaliers...
/Users/tyvanklinger/Library/Python/3.8/lib/python/site-packages/urllib3/__init__.py:35: NotOpenSSLWarning: urllib3 v2 only supports OpenSSL 1.1.1+, currently the 'ssl' module is compiled with 'LibreSSL 2.8.3'. See: https://github.com/urllib3/urllib3/issues/3020
  warnings.warn(

======================================================================
  UPDATING ON/OFF CACHE
  Cleveland Cavaliers | 2025-26
======================================================================

Loading existing cache...
   Existing games in cache: 49
   Existing roster: 16 players

Checking for new games...
Traceback (most recent call last):
  File "/Users/tyvanklinger/Library/Python/3.8/lib/python/site-packages/urllib3/connectionpool.py", line 789, in urlopen
    response = self._make_request(
  File "/Users/tyvanklinger/Library/Python/3.8/lib/python/site-packages/urllib3/connectionpool.py", line 490, in _make_request
    raise new_e
  File "/Users/tyvanklinger/Library/Python/3.8/lib/python/site-packages/urllib3/connectionpool.py", line 466, in _make_request
    self._validate_conn(conn)
  File "/Users/tyvanklinger/Library/Python/3.8/lib/python/site-packages/urllib3/connectionpool.py", line 1095, in _validate_conn
    conn.connect()
  File "/Users/tyvanklinger/Library/Python/3.8/lib/python/site-packages/urllib3/connection.py", line 730, in connect
    sock_and_verified = _ssl_wrap_socket_and_match_hostname(
  File "/Users/tyvanklinger/Library/Python/3.8/lib/python/site-packages/urllib3/connection.py", line 909, in _ssl_wrap_socket_and_match_hostname
    ssl_sock = ssl_wrap_socket(
  File "/Users/tyvanklinger/Library/Python/3.8/lib/python/site-packages/urllib3/util/ssl_.py", line 469, in ssl_wrap_socket
    ssl_sock = _ssl_wrap_socket_impl(sock, context, tls_in_tls, server_hostname)
  File "/Users/tyvanklinger/Library/Python/3.8/lib/python/site-packages/urllib3/util/ssl_.py", line 513, in _ssl_wrap_socket_impl
    return ssl_context.wrap_socket(sock, server_hostname=server_hostname)
  File "/Library/Developer/CommandLineTools/Library/Frameworks/Python3.framework/Versions/3.8/lib/python3.8/ssl.py", line 500, in wrap_socket
    return self.sslsocket_class._create(
  File "/Library/Developer/CommandLineTools/Library/Frameworks/Python3.framework/Versions/3.8/lib/python3.8/ssl.py", line 1040, in _create
    self.do_handshake()
  File "/Library/Developer/CommandLineTools/Library/Frameworks/Python3.framework/Versions/3.8/lib/python3.8/ssl.py", line 1309, in do_handshake
    self._sslobj.do_handshake()
TimeoutError: [Errno 60] Operation timed out

During handling of the above exception, another exception occurred:

Traceback (most recent call last):
  File "/Users/tyvanklinger/Library/Python/3.8/lib/python/site-packages/requests/adapters.py", line 667, in send
    resp = conn.urlopen(
  File "/Users/tyvanklinger/Library/Python/3.8/lib/python/site-packages/urllib3/connectionpool.py", line 843, in urlopen
    retries = retries.increment(
  File "/Users/tyvanklinger/Library/Python/3.8/lib/python/site-packages/urllib3/util/retry.py", line 474, in increment
    raise reraise(type(error), error, _stacktrace)
  File "/Users/tyvanklinger/Library/Python/3.8/lib/python/site-packages/urllib3/util/util.py", line 38, in reraise
    raise value.with_traceback(tb)
  File "/Users/tyvanklinger/Library/Python/3.8/lib/python/site-packages/urllib3/connectionpool.py", line 789, in urlopen
    response = self._make_request(
  File "/Users/tyvanklinger/Library/Python/3.8/lib/python/site-packages/urllib3/connectionpool.py", line 490, in _make_request
    raise new_e
  File "/Users/tyvanklinger/Library/Python/3.8/lib/python/site-packages/urllib3/connectionpool.py", line 466, in _make_request
    self._validate_conn(conn)
  File "/Users/tyvanklinger/Library/Python/3.8/lib/python/site-packages/urllib3/connectionpool.py", line 1095, in _validate_conn
    conn.connect()
  File "/Users/tyvanklinger/Library/Python/3.8/lib/python/site-packages/urllib3/connection.py", line 730, in connect
    sock_and_verified = _ssl_wrap_socket_and_match_hostname(
  File "/Users/tyvanklinger/Library/Python/3.8/lib/python/site-packages/urllib3/connection.py", line 909, in _ssl_wrap_socket_and_match_hostname
    ssl_sock = ssl_wrap_socket(
  File "/Users/tyvanklinger/Library/Python/3.8/lib/python/site-packages/urllib3/util/ssl_.py", line 469, in ssl_wrap_socket
    ssl_sock = _ssl_wrap_socket_impl(sock, context, tls_in_tls, server_hostname)
  File "/Users/tyvanklinger/Library/Python/3.8/lib/python/site-packages/urllib3/util/ssl_.py", line 513, in _ssl_wrap_socket_impl
    return ssl_context.wrap_socket(sock, server_hostname=server_hostname)
  File "/Library/Developer/CommandLineTools/Library/Frameworks/Python3.framework/Versions/3.8/lib/python3.8/ssl.py", line 500, in wrap_socket
    return self.sslsocket_class._create(
  File "/Library/Developer/CommandLineTools/Library/Frameworks/Python3.framework/Versions/3.8/lib/python3.8/ssl.py", line 1040, in _create
    self.do_handshake()
  File "/Library/Developer/CommandLineTools/Library/Frameworks/Python3.framework/Versions/3.8/lib/python3.8/ssl.py", line 1309, in do_handshake
    self._sslobj.do_handshake()
urllib3.exceptions.ProtocolError: ('Connection aborted.', TimeoutError(60, 'Operation timed out'))

During handling of the above exception, another exception occurred:

Traceback (most recent call last):
  File "python/Cleveland Cavaliers 2025-2026.py", line 743, in <module>
    main()
  File "python/Cleveland Cavaliers 2025-2026.py", line 728, in main
    update_cache(args.team, args.season)
  File "python/Cleveland Cavaliers 2025-2026.py", line 480, in update_cache
    all_game_ids = get_team_games(team_id, season)
  File "python/Cleveland Cavaliers 2025-2026.py", line 155, in get_team_games
    finder = leaguegamefinder.LeagueGameFinder(
  File "/Users/tyvanklinger/Library/Python/3.8/lib/python/site-packages/nba_api/stats/endpoints/leaguegamefinder.py", line 249, in __init__
    self.get_request()
  File "/Users/tyvanklinger/Library/Python/3.8/lib/python/site-packages/nba_api/stats/endpoints/leaguegamefinder.py", line 252, in get_request
    self.nba_response = NBAStatsHTTP().send_api_request(
  File "/Users/tyvanklinger/Library/Python/3.8/lib/python/site-packages/nba_api/library/http.py", line 146, in send_api_request
    response = requests.get(
  File "/Users/tyvanklinger/Library/Python/3.8/lib/python/site-packages/requests/api.py", line 73, in get
    return request("get", url, params=params, **kwargs)
  File "/Users/tyvanklinger/Library/Python/3.8/lib/python/site-packages/requests/api.py", line 59, in request
    return session.request(method=method, url=url, **kwargs)
  File "/Users/tyvanklinger/Library/Python/3.8/lib/python/site-packages/requests/sessions.py", line 589, in request
    resp = self.send(prep, **send_kwargs)
  File "/Users/tyvanklinger/Library/Python/3.8/lib/python/site-packages/requests/sessions.py", line 703, in send
    r = adapter.send(request, **kwargs)
  File "/Users/tyvanklinger/Library/Python/3.8/lib/python/site-packages/requests/adapters.py", line 682, in send
    raise ConnectionError(err, request=request)
requests.exceptions.ConnectionError: ('Connection aborted.', TimeoutError(60, 'Operation timed out'))
Updating Dallas Mavericks...
/Users/tyvanklinger/Library/Python/3.8/lib/python/site-packages/urllib3/__init__.py:35: NotOpenSSLWarning: urllib3 v2 only supports OpenSSL 1.1.1+, currently the 'ssl' module is compiled with 'LibreSSL 2.8.3'. See: https://github.com/urllib3/urllib3/issues/3020
  warnings.warn(

======================================================================
  UPDATING ON/OFF CACHE
  Dallas Mavericks | 2025-26
======================================================================

Loading existing cache...
   Existing games in cache: 47
   Existing roster: 17 players

Checking for new games...
Traceback (most recent call last):
  File "/Users/tyvanklinger/Library/Python/3.8/lib/python/site-packages/urllib3/connectionpool.py", line 789, in urlopen
    response = self._make_request(
  File "/Users/tyvanklinger/Library/Python/3.8/lib/python/site-packages/urllib3/connectionpool.py", line 490, in _make_request
    raise new_e
  File "/Users/tyvanklinger/Library/Python/3.8/lib/python/site-packages/urllib3/connectionpool.py", line 466, in _make_request
    self._validate_conn(conn)
  File "/Users/tyvanklinger/Library/Python/3.8/lib/python/site-packages/urllib3/connectionpool.py", line 1095, in _validate_conn
    conn.connect()
  File "/Users/tyvanklinger/Library/Python/3.8/lib/python/site-packages/urllib3/connection.py", line 730, in connect
    sock_and_verified = _ssl_wrap_socket_and_match_hostname(
  File "/Users/tyvanklinger/Library/Python/3.8/lib/python/site-packages/urllib3/connection.py", line 909, in _ssl_wrap_socket_and_match_hostname
    ssl_sock = ssl_wrap_socket(
  File "/Users/tyvanklinger/Library/Python/3.8/lib/python/site-packages/urllib3/util/ssl_.py", line 469, in ssl_wrap_socket
    ssl_sock = _ssl_wrap_socket_impl(sock, context, tls_in_tls, server_hostname)
  File "/Users/tyvanklinger/Library/Python/3.8/lib/python/site-packages/urllib3/util/ssl_.py", line 513, in _ssl_wrap_socket_impl
    return ssl_context.wrap_socket(sock, server_hostname=server_hostname)
  File "/Library/Developer/CommandLineTools/Library/Frameworks/Python3.framework/Versions/3.8/lib/python3.8/ssl.py", line 500, in wrap_socket
    return self.sslsocket_class._create(
  File "/Library/Developer/CommandLineTools/Library/Frameworks/Python3.framework/Versions/3.8/lib/python3.8/ssl.py", line 1040, in _create
    self.do_handshake()
  File "/Library/Developer/CommandLineTools/Library/Frameworks/Python3.framework/Versions/3.8/lib/python3.8/ssl.py", line 1309, in do_handshake
    self._sslobj.do_handshake()
TimeoutError: [Errno 60] Operation timed out

During handling of the above exception, another exception occurred:

Traceback (most recent call last):
  File "/Users/tyvanklinger/Library/Python/3.8/lib/python/site-packages/requests/adapters.py", line 667, in send
    resp = conn.urlopen(
  File "/Users/tyvanklinger/Library/Python/3.8/lib/python/site-packages/urllib3/connectionpool.py", line 843, in urlopen
    retries = retries.increment(
  File "/Users/tyvanklinger/Library/Python/3.8/lib/python/site-packages/urllib3/util/retry.py", line 474, in increment
    raise reraise(type(error), error, _stacktrace)
  File "/Users/tyvanklinger/Library/Python/3.8/lib/python/site-packages/urllib3/util/util.py", line 38, in reraise
    raise value.with_traceback(tb)
  File "/Users/tyvanklinger/Library/Python/3.8/lib/python/site-packages/urllib3/connectionpool.py", line 789, in urlopen
    response = self._make_request(
  File "/Users/tyvanklinger/Library/Python/3.8/lib/python/site-packages/urllib3/connectionpool.py", line 490, in _make_request
    raise new_e
  File "/Users/tyvanklinger/Library/Python/3.8/lib/python/site-packages/urllib3/connectionpool.py", line 466, in _make_request
    self._validate_conn(conn)
  File "/Users/tyvanklinger/Library/Python/3.8/lib/python/site-packages/urllib3/connectionpool.py", line 1095, in _validate_conn
    conn.connect()
  File "/Users/tyvanklinger/Library/Python/3.8/lib/python/site-packages/urllib3/connection.py", line 730, in connect
    sock_and_verified = _ssl_wrap_socket_and_match_hostname(
  File "/Users/tyvanklinger/Library/Python/3.8/lib/python/site-packages/urllib3/connection.py", line 909, in _ssl_wrap_socket_and_match_hostname
    ssl_sock = ssl_wrap_socket(
  File "/Users/tyvanklinger/Library/Python/3.8/lib/python/site-packages/urllib3/util/ssl_.py", line 469, in ssl_wrap_socket
    ssl_sock = _ssl_wrap_socket_impl(sock, context, tls_in_tls, server_hostname)
  File "/Users/tyvanklinger/Library/Python/3.8/lib/python/site-packages/urllib3/util/ssl_.py", line 513, in _ssl_wrap_socket_impl
    return ssl_context.wrap_socket(sock, server_hostname=server_hostname)
  File "/Library/Developer/CommandLineTools/Library/Frameworks/Python3.framework/Versions/3.8/lib/python3.8/ssl.py", line 500, in wrap_socket
    return self.sslsocket_class._create(
  File "/Library/Developer/CommandLineTools/Library/Frameworks/Python3.framework/Versions/3.8/lib/python3.8/ssl.py", line 1040, in _create
    self.do_handshake()
  File "/Library/Developer/CommandLineTools/Library/Frameworks/Python3.framework/Versions/3.8/lib/python3.8/ssl.py", line 1309, in do_handshake
    self._sslobj.do_handshake()
urllib3.exceptions.ProtocolError: ('Connection aborted.', TimeoutError(60, 'Operation timed out'))

During handling of the above exception, another exception occurred:

Traceback (most recent call last):
  File "python/Dallas Mavericks 2025-2026.py", line 743, in <module>
    main()
  File "python/Dallas Mavericks 2025-2026.py", line 728, in main
    update_cache(args.team, args.season)
  File "python/Dallas Mavericks 2025-2026.py", line 480, in update_cache
    all_game_ids = get_team_games(team_id, season)
  File "python/Dallas Mavericks 2025-2026.py", line 155, in get_team_games
    finder = leaguegamefinder.LeagueGameFinder(
  File "/Users/tyvanklinger/Library/Python/3.8/lib/python/site-packages/nba_api/stats/endpoints/leaguegamefinder.py", line 249, in __init__
    self.get_request()
  File "/Users/tyvanklinger/Library/Python/3.8/lib/python/site-packages/nba_api/stats/endpoints/leaguegamefinder.py", line 252, in get_request
    self.nba_response = NBAStatsHTTP().send_api_request(
  File "/Users/tyvanklinger/Library/Python/3.8/lib/python/site-packages/nba_api/library/http.py", line 146, in send_api_request
    response = requests.get(
  File "/Users/tyvanklinger/Library/Python/3.8/lib/python/site-packages/requests/api.py", line 73, in get
    return request("get", url, params=params, **kwargs)
  File "/Users/tyvanklinger/Library/Python/3.8/lib/python/site-packages/requests/api.py", line 59, in request
    return session.request(method=method, url=url, **kwargs)
  File "/Users/tyvanklinger/Library/Python/3.8/lib/python/site-packages/requests/sessions.py", line 589, in request
    resp = self.send(prep, **send_kwargs)
  File "/Users/tyvanklinger/Library/Python/3.8/lib/python/site-packages/requests/sessions.py", line 703, in send
    r = adapter.send(request, **kwargs)
  File "/Users/tyvanklinger/Library/Python/3.8/lib/python/site-packages/requests/adapters.py", line 682, in send
    raise ConnectionError(err, request=request)
requests.exceptions.ConnectionError: ('Connection aborted.', TimeoutError(60, 'Operation timed out'))
Updating Denver Nuggets...
/Users/tyvanklinger/Library/Python/3.8/lib/python/site-packages/urllib3/__init__.py:35: NotOpenSSLWarning: urllib3 v2 only supports OpenSSL 1.1.1+, currently the 'ssl' module is compiled with 'LibreSSL 2.8.3'. See: https://github.com/urllib3/urllib3/issues/3020
  warnings.warn(

======================================================================
  UPDATING ON/OFF CACHE
  Denver Nuggets | 2025-26
======================================================================

Loading existing cache...
   Existing games in cache: 47
   Existing roster: 16 players

Checking for new games...
Traceback (most recent call last):
  File "/Users/tyvanklinger/Library/Python/3.8/lib/python/site-packages/urllib3/connectionpool.py", line 789, in urlopen
    response = self._make_request(
  File "/Users/tyvanklinger/Library/Python/3.8/lib/python/site-packages/urllib3/connectionpool.py", line 490, in _make_request
    raise new_e
  File "/Users/tyvanklinger/Library/Python/3.8/lib/python/site-packages/urllib3/connectionpool.py", line 466, in _make_request
    self._validate_conn(conn)
  File "/Users/tyvanklinger/Library/Python/3.8/lib/python/site-packages/urllib3/connectionpool.py", line 1095, in _validate_conn
    conn.connect()
  File "/Users/tyvanklinger/Library/Python/3.8/lib/python/site-packages/urllib3/connection.py", line 730, in connect
    sock_and_verified = _ssl_wrap_socket_and_match_hostname(
  File "/Users/tyvanklinger/Library/Python/3.8/lib/python/site-packages/urllib3/connection.py", line 909, in _ssl_wrap_socket_and_match_hostname
    ssl_sock = ssl_wrap_socket(
  File "/Users/tyvanklinger/Library/Python/3.8/lib/python/site-packages/urllib3/util/ssl_.py", line 469, in ssl_wrap_socket
    ssl_sock = _ssl_wrap_socket_impl(sock, context, tls_in_tls, server_hostname)
  File "/Users/tyvanklinger/Library/Python/3.8/lib/python/site-packages/urllib3/util/ssl_.py", line 513, in _ssl_wrap_socket_impl
    return ssl_context.wrap_socket(sock, server_hostname=server_hostname)
  File "/Library/Developer/CommandLineTools/Library/Frameworks/Python3.framework/Versions/3.8/lib/python3.8/ssl.py", line 500, in wrap_socket
    return self.sslsocket_class._create(
  File "/Library/Developer/CommandLineTools/Library/Frameworks/Python3.framework/Versions/3.8/lib/python3.8/ssl.py", line 1040, in _create
    self.do_handshake()
  File "/Library/Developer/CommandLineTools/Library/Frameworks/Python3.framework/Versions/3.8/lib/python3.8/ssl.py", line 1309, in do_handshake
    self._sslobj.do_handshake()
TimeoutError: [Errno 60] Operation timed out

During handling of the above exception, another exception occurred:

Traceback (most recent call last):
  File "/Users/tyvanklinger/Library/Python/3.8/lib/python/site-packages/requests/adapters.py", line 667, in send
    resp = conn.urlopen(
  File "/Users/tyvanklinger/Library/Python/3.8/lib/python/site-packages/urllib3/connectionpool.py", line 843, in urlopen
    retries = retries.increment(
  File "/Users/tyvanklinger/Library/Python/3.8/lib/python/site-packages/urllib3/util/retry.py", line 474, in increment
    raise reraise(type(error), error, _stacktrace)
  File "/Users/tyvanklinger/Library/Python/3.8/lib/python/site-packages/urllib3/util/util.py", line 38, in reraise
    raise value.with_traceback(tb)
  File "/Users/tyvanklinger/Library/Python/3.8/lib/python/site-packages/urllib3/connectionpool.py", line 789, in urlopen
    response = self._make_request(
  File "/Users/tyvanklinger/Library/Python/3.8/lib/python/site-packages/urllib3/connectionpool.py", line 490, in _make_request
    raise new_e
  File "/Users/tyvanklinger/Library/Python/3.8/lib/python/site-packages/urllib3/connectionpool.py", line 466, in _make_request
    self._validate_conn(conn)
  File "/Users/tyvanklinger/Library/Python/3.8/lib/python/site-packages/urllib3/connectionpool.py", line 1095, in _validate_conn
    conn.connect()
  File "/Users/tyvanklinger/Library/Python/3.8/lib/python/site-packages/urllib3/connection.py", line 730, in connect
    sock_and_verified = _ssl_wrap_socket_and_match_hostname(
  File "/Users/tyvanklinger/Library/Python/3.8/lib/python/site-packages/urllib3/connection.py", line 909, in _ssl_wrap_socket_and_match_hostname
    ssl_sock = ssl_wrap_socket(
  File "/Users/tyvanklinger/Library/Python/3.8/lib/python/site-packages/urllib3/util/ssl_.py", line 469, in ssl_wrap_socket
    ssl_sock = _ssl_wrap_socket_impl(sock, context, tls_in_tls, server_hostname)
  File "/Users/tyvanklinger/Library/Python/3.8/lib/python/site-packages/urllib3/util/ssl_.py", line 513, in _ssl_wrap_socket_impl
    return ssl_context.wrap_socket(sock, server_hostname=server_hostname)
  File "/Library/Developer/CommandLineTools/Library/Frameworks/Python3.framework/Versions/3.8/lib/python3.8/ssl.py", line 500, in wrap_socket
    return self.sslsocket_class._create(
  File "/Library/Developer/CommandLineTools/Library/Frameworks/Python3.framework/Versions/3.8/lib/python3.8/ssl.py", line 1040, in _create
    self.do_handshake()
  File "/Library/Developer/CommandLineTools/Library/Frameworks/Python3.framework/Versions/3.8/lib/python3.8/ssl.py", line 1309, in do_handshake
    self._sslobj.do_handshake()
urllib3.exceptions.ProtocolError: ('Connection aborted.', TimeoutError(60, 'Operation timed out'))

During handling of the above exception, another exception occurred:

Traceback (most recent call last):
  File "python/Denver Nuggets 2025-2026.py", line 743, in <module>
    main()
  File "python/Denver Nuggets 2025-2026.py", line 728, in main
    update_cache(args.team, args.season)
  File "python/Denver Nuggets 2025-2026.py", line 480, in update_cache
    all_game_ids = get_team_games(team_id, season)
  File "python/Denver Nuggets 2025-2026.py", line 155, in get_team_games
    finder = leaguegamefinder.LeagueGameFinder(
  File "/Users/tyvanklinger/Library/Python/3.8/lib/python/site-packages/nba_api/stats/endpoints/leaguegamefinder.py", line 249, in __init__
    self.get_request()
  File "/Users/tyvanklinger/Library/Python/3.8/lib/python/site-packages/nba_api/stats/endpoints/leaguegamefinder.py", line 252, in get_request
    self.nba_response = NBAStatsHTTP().send_api_request(
  File "/Users/tyvanklinger/Library/Python/3.8/lib/python/site-packages/nba_api/library/http.py", line 146, in send_api_request
    response = requests.get(
  File "/Users/tyvanklinger/Library/Python/3.8/lib/python/site-packages/requests/api.py", line 73, in get
    return request("get", url, params=params, **kwargs)
  File "/Users/tyvanklinger/Library/Python/3.8/lib/python/site-packages/requests/api.py", line 59, in request
    return session.request(method=method, url=url, **kwargs)
  File "/Users/tyvanklinger/Library/Python/3.8/lib/python/site-packages/requests/sessions.py", line 589, in request
    resp = self.send(prep, **send_kwargs)
  File "/Users/tyvanklinger/Library/Python/3.8/lib/python/site-packages/requests/sessions.py", line 703, in send
    r = adapter.send(request, **kwargs)
  File "/Users/tyvanklinger/Library/Python/3.8/lib/python/site-packages/requests/adapters.py", line 682, in send
    raise ConnectionError(err, request=request)
requests.exceptions.ConnectionError: ('Connection aborted.', TimeoutError(60, 'Operation timed out'))
Updating Detroit Pistons...
/Users/tyvanklinger/Library/Python/3.8/lib/python/site-packages/urllib3/__init__.py:35: NotOpenSSLWarning: urllib3 v2 only supports OpenSSL 1.1.1+, currently the 'ssl' module is compiled with 'LibreSSL 2.8.3'. See: https://github.com/urllib3/urllib3/issues/3020
  warnings.warn(

======================================================================
  UPDATING ON/OFF CACHE
  Detroit Pistons | 2025-26
======================================================================

Loading existing cache...
   Existing games in cache: 45
   Existing roster: 19 players

Checking for new games...
Traceback (most recent call last):
  File "/Users/tyvanklinger/Library/Python/3.8/lib/python/site-packages/urllib3/connectionpool.py", line 789, in urlopen
    response = self._make_request(
  File "/Users/tyvanklinger/Library/Python/3.8/lib/python/site-packages/urllib3/connectionpool.py", line 490, in _make_request
    raise new_e
  File "/Users/tyvanklinger/Library/Python/3.8/lib/python/site-packages/urllib3/connectionpool.py", line 466, in _make_request
    self._validate_conn(conn)
  File "/Users/tyvanklinger/Library/Python/3.8/lib/python/site-packages/urllib3/connectionpool.py", line 1095, in _validate_conn
    conn.connect()
  File "/Users/tyvanklinger/Library/Python/3.8/lib/python/site-packages/urllib3/connection.py", line 730, in connect
    sock_and_verified = _ssl_wrap_socket_and_match_hostname(
  File "/Users/tyvanklinger/Library/Python/3.8/lib/python/site-packages/urllib3/connection.py", line 909, in _ssl_wrap_socket_and_match_hostname
    ssl_sock = ssl_wrap_socket(
  File "/Users/tyvanklinger/Library/Python/3.8/lib/python/site-packages/urllib3/util/ssl_.py", line 469, in ssl_wrap_socket
    ssl_sock = _ssl_wrap_socket_impl(sock, context, tls_in_tls, server_hostname)
  File "/Users/tyvanklinger/Library/Python/3.8/lib/python/site-packages/urllib3/util/ssl_.py", line 513, in _ssl_wrap_socket_impl
    return ssl_context.wrap_socket(sock, server_hostname=server_hostname)
  File "/Library/Developer/CommandLineTools/Library/Frameworks/Python3.framework/Versions/3.8/lib/python3.8/ssl.py", line 500, in wrap_socket
    return self.sslsocket_class._create(
  File "/Library/Developer/CommandLineTools/Library/Frameworks/Python3.framework/Versions/3.8/lib/python3.8/ssl.py", line 1040, in _create
    self.do_handshake()
  File "/Library/Developer/CommandLineTools/Library/Frameworks/Python3.framework/Versions/3.8/lib/python3.8/ssl.py", line 1309, in do_handshake
    self._sslobj.do_handshake()
TimeoutError: [Errno 60] Operation timed out

During handling of the above exception, another exception occurred:

Traceback (most recent call last):
  File "/Users/tyvanklinger/Library/Python/3.8/lib/python/site-packages/requests/adapters.py", line 667, in send
    resp = conn.urlopen(
  File "/Users/tyvanklinger/Library/Python/3.8/lib/python/site-packages/urllib3/connectionpool.py", line 843, in urlopen
    retries = retries.increment(
  File "/Users/tyvanklinger/Library/Python/3.8/lib/python/site-packages/urllib3/util/retry.py", line 474, in increment
    raise reraise(type(error), error, _stacktrace)
  File "/Users/tyvanklinger/Library/Python/3.8/lib/python/site-packages/urllib3/util/util.py", line 38, in reraise
    raise value.with_traceback(tb)
  File "/Users/tyvanklinger/Library/Python/3.8/lib/python/site-packages/urllib3/connectionpool.py", line 789, in urlopen
    response = self._make_request(
  File "/Users/tyvanklinger/Library/Python/3.8/lib/python/site-packages/urllib3/connectionpool.py", line 490, in _make_request
    raise new_e
  File "/Users/tyvanklinger/Library/Python/3.8/lib/python/site-packages/urllib3/connectionpool.py", line 466, in _make_request
    self._validate_conn(conn)
  File "/Users/tyvanklinger/Library/Python/3.8/lib/python/site-packages/urllib3/connectionpool.py", line 1095, in _validate_conn
    conn.connect()
  File "/Users/tyvanklinger/Library/Python/3.8/lib/python/site-packages/urllib3/connection.py", line 730, in connect
    sock_and_verified = _ssl_wrap_socket_and_match_hostname(
  File "/Users/tyvanklinger/Library/Python/3.8/lib/python/site-packages/urllib3/connection.py", line 909, in _ssl_wrap_socket_and_match_hostname
    ssl_sock = ssl_wrap_socket(
  File "/Users/tyvanklinger/Library/Python/3.8/lib/python/site-packages/urllib3/util/ssl_.py", line 469, in ssl_wrap_socket
    ssl_sock = _ssl_wrap_socket_impl(sock, context, tls_in_tls, server_hostname)
  File "/Users/tyvanklinger/Library/Python/3.8/lib/python/site-packages/urllib3/util/ssl_.py", line 513, in _ssl_wrap_socket_impl
    return ssl_context.wrap_socket(sock, server_hostname=server_hostname)
  File "/Library/Developer/CommandLineTools/Library/Frameworks/Python3.framework/Versions/3.8/lib/python3.8/ssl.py", line 500, in wrap_socket
    return self.sslsocket_class._create(
  File "/Library/Developer/CommandLineTools/Library/Frameworks/Python3.framework/Versions/3.8/lib/python3.8/ssl.py", line 1040, in _create
    self.do_handshake()
  File "/Library/Developer/CommandLineTools/Library/Frameworks/Python3.framework/Versions/3.8/lib/python3.8/ssl.py", line 1309, in do_handshake
    self._sslobj.do_handshake()
urllib3.exceptions.ProtocolError: ('Connection aborted.', TimeoutError(60, 'Operation timed out'))

During handling of the above exception, another exception occurred:

Traceback (most recent call last):
  File "python/Detroit Pistons 2025-2026.py", line 743, in <module>
    main()
  File "python/Detroit Pistons 2025-2026.py", line 728, in main
    update_cache(args.team, args.season)
  File "python/Detroit Pistons 2025-2026.py", line 480, in update_cache
    all_game_ids = get_team_games(team_id, season)
  File "python/Detroit Pistons 2025-2026.py", line 155, in get_team_games
    finder = leaguegamefinder.LeagueGameFinder(
  File "/Users/tyvanklinger/Library/Python/3.8/lib/python/site-packages/nba_api/stats/endpoints/leaguegamefinder.py", line 249, in __init__
    self.get_request()
  File "/Users/tyvanklinger/Library/Python/3.8/lib/python/site-packages/nba_api/stats/endpoints/leaguegamefinder.py", line 252, in get_request
    self.nba_response = NBAStatsHTTP().send_api_request(
  File "/Users/tyvanklinger/Library/Python/3.8/lib/python/site-packages/nba_api/library/http.py", line 146, in send_api_request
    response = requests.get(
  File "/Users/tyvanklinger/Library/Python/3.8/lib/python/site-packages/requests/api.py", line 73, in get
    return request("get", url, params=params, **kwargs)
  File "/Users/tyvanklinger/Library/Python/3.8/lib/python/site-packages/requests/api.py", line 59, in request
    return session.request(method=method, url=url, **kwargs)
  File "/Users/tyvanklinger/Library/Python/3.8/lib/python/site-packages/requests/sessions.py", line 589, in request
    resp = self.send(prep, **send_kwargs)
  File "/Users/tyvanklinger/Library/Python/3.8/lib/python/site-packages/requests/sessions.py", line 703, in send
    r = adapter.send(request, **kwargs)
  File "/Users/tyvanklinger/Library/Python/3.8/lib/python/site-packages/requests/adapters.py", line 682, in send
    raise ConnectionError(err, request=request)
requests.exceptions.ConnectionError: ('Connection aborted.', TimeoutError(60, 'Operation timed out'))
Updating Golden State Warriors...
/Users/tyvanklinger/Library/Python/3.8/lib/python/site-packages/urllib3/__init__.py:35: NotOpenSSLWarning: urllib3 v2 only supports OpenSSL 1.1.1+, currently the 'ssl' module is compiled with 'LibreSSL 2.8.3'. See: https://github.com/urllib3/urllib3/issues/3020
  warnings.warn(

======================================================================
  UPDATING ON/OFF CACHE
  Golden State Warriors | 2025-26
======================================================================

Loading existing cache...
   Existing games in cache: 49
   Existing roster: 18 players

Checking for new games...

Cache is up to date! (49 games)
Updating Houston Rockets...
/Users/tyvanklinger/Library/Python/3.8/lib/python/site-packages/urllib3/__init__.py:35: NotOpenSSLWarning: urllib3 v2 only supports OpenSSL 1.1.1+, currently the 'ssl' module is compiled with 'LibreSSL 2.8.3'. See: https://github.com/urllib3/urllib3/issues/3020
  warnings.warn(

======================================================================
  UPDATING ON/OFF CACHE
  Houston Rockets | 2025-26
======================================================================

Loading existing cache...
   Existing games in cache: 45
   Existing roster: 15 players

Checking for new games...
   Found 1 new games to process

Processing 1 new games...
----------------------------------------------------------------------
[  1/1] 0022500682 (100.0%) OK (1935 events)
----------------------------------------------------------------------
Processed 1/1 new games
New events: 1935

Rebuilding roster from all play-by-play data...
   Found 15 players who played this season

Cache updated: onoff_cache/Houston_Rockets_2025-26_combo.json
   Total games: 46
   Total events: 83219
   Size: 12.2 MB
Updating Indiana Pacers...
/Users/tyvanklinger/Library/Python/3.8/lib/python/site-packages/urllib3/__init__.py:35: NotOpenSSLWarning: urllib3 v2 only supports OpenSSL 1.1.1+, currently the 'ssl' module is compiled with 'LibreSSL 2.8.3'. See: https://github.com/urllib3/urllib3/issues/3020
  warnings.warn(

======================================================================
  UPDATING ON/OFF CACHE
  Indiana Pacers | 2025-26
======================================================================

Loading existing cache...
   Existing games in cache: 48
   Existing roster: 24 players

Checking for new games...

Cache is up to date! (48 games)
Updating Los Angeles Clippers...
/Users/tyvanklinger/Library/Python/3.8/lib/python/site-packages/urllib3/__init__.py:35: NotOpenSSLWarning: urllib3 v2 only supports OpenSSL 1.1.1+, currently the 'ssl' module is compiled with 'LibreSSL 2.8.3'. See: https://github.com/urllib3/urllib3/issues/3020
  warnings.warn(

======================================================================
  UPDATING ON/OFF CACHE
  Los Angeles Clippers | 2025-26
======================================================================

Loading existing cache...
   Existing games in cache: 46
   Existing roster: 20 players

Checking for new games...

Cache is up to date! (46 games)
Updating Los Angeles Lakers...
/Users/tyvanklinger/Library/Python/3.8/lib/python/site-packages/urllib3/__init__.py:35: NotOpenSSLWarning: urllib3 v2 only supports OpenSSL 1.1.1+, currently the 'ssl' module is compiled with 'LibreSSL 2.8.3'. See: https://github.com/urllib3/urllib3/issues/3020
  warnings.warn(

======================================================================
  UPDATING ON/OFF CACHE
  Los Angeles Lakers | 2025-26
======================================================================

Loading existing cache...
   Existing games in cache: 46
   Existing roster: 19 players

Checking for new games...

Cache is up to date! (46 games)
Updating Memphis Grizzlies...
/Users/tyvanklinger/Library/Python/3.8/lib/python/site-packages/urllib3/__init__.py:35: NotOpenSSLWarning: urllib3 v2 only supports OpenSSL 1.1.1+, currently the 'ssl' module is compiled with 'LibreSSL 2.8.3'. See: https://github.com/urllib3/urllib3/issues/3020
  warnings.warn(

======================================================================
  UPDATING ON/OFF CACHE
  Memphis Grizzlies | 2025-26
======================================================================

Loading existing cache...
   Existing games in cache: 45
   Existing roster: 19 players

Checking for new games...

Cache is up to date! (45 games)
Updating Miami Heat...
/Users/tyvanklinger/Library/Python/3.8/lib/python/site-packages/urllib3/__init__.py:35: NotOpenSSLWarning: urllib3 v2 only supports OpenSSL 1.1.1+, currently the 'ssl' module is compiled with 'LibreSSL 2.8.3'. See: https://github.com/urllib3/urllib3/issues/3020
  warnings.warn(

======================================================================
  UPDATING ON/OFF CACHE
  Miami Heat | 2025-26
======================================================================

Loading existing cache...
   Existing games in cache: 48
   Existing roster: 16 players

Checking for new games...
   Found 1 new games to process

Processing 1 new games...
----------------------------------------------------------------------
[  1/1] 0022500529 (100.0%) OK (1890 events)
----------------------------------------------------------------------
Processed 1/1 new games
New events: 1890

Rebuilding roster from all play-by-play data...
   Found 16 players who played this season

Cache updated: onoff_cache/Miami_Heat_2025-26_combo.json
   Total games: 49
   Total events: 93350
   Size: 13.7 MB
Updating Milwaukee Bucks...
/Users/tyvanklinger/Library/Python/3.8/lib/python/site-packages/urllib3/__init__.py:35: NotOpenSSLWarning: urllib3 v2 only supports OpenSSL 1.1.1+, currently the 'ssl' module is compiled with 'LibreSSL 2.8.3'. See: https://github.com/urllib3/urllib3/issues/3020
  warnings.warn(

======================================================================
  UPDATING ON/OFF CACHE
  Milwaukee Bucks | 2025-26
======================================================================

Loading existing cache...
   Existing games in cache: 45
   Existing roster: 17 players

Checking for new games...
   Found 1 new games to process

Processing 1 new games...
----------------------------------------------------------------------
[  1/1] 0022500681 (100.0%) OK (1889 events)
----------------------------------------------------------------------
Processed 1/1 new games
New events: 1889

Rebuilding roster from all play-by-play data...
   Found 17 players who played this season

Cache updated: onoff_cache/Milwaukee_Bucks_2025-26_combo.json
   Total games: 46
   Total events: 81663
   Size: 12.0 MB
Updating Minnesota Timberwolves...
/Users/tyvanklinger/Library/Python/3.8/lib/python/site-packages/urllib3/__init__.py:35: NotOpenSSLWarning: urllib3 v2 only supports OpenSSL 1.1.1+, currently the 'ssl' module is compiled with 'LibreSSL 2.8.3'. See: https://github.com/urllib3/urllib3/issues/3020
  warnings.warn(

======================================================================
  UPDATING ON/OFF CACHE
  Minnesota Timberwolves | 2025-26
======================================================================

Loading existing cache...
   Existing games in cache: 48
   Existing roster: 15 players

Checking for new games...
   Found 1 new games to process

Processing 1 new games...
----------------------------------------------------------------------
[  1/1] 0022500686 (100.0%) OK (1848 events)
----------------------------------------------------------------------
Processed 1/1 new games
New events: 1848

Rebuilding roster from all play-by-play data...
   Found 15 players who played this season

Cache updated: onoff_cache/Minnesota_Timberwolves_2025-26_combo.json
   Total games: 49
   Total events: 90484
   Size: 13.2 MB
Updating New Orleans Pelicans...
/Users/tyvanklinger/Library/Python/3.8/lib/python/site-packages/urllib3/__init__.py:35: NotOpenSSLWarning: urllib3 v2 only supports OpenSSL 1.1.1+, currently the 'ssl' module is compiled with 'LibreSSL 2.8.3'. See: https://github.com/urllib3/urllib3/issues/3020
  warnings.warn(

======================================================================
  UPDATING ON/OFF CACHE
  New Orleans Pelicans | 2025-26
======================================================================

Loading existing cache...
   Existing games in cache: 49
   Existing roster: 17 players

Checking for new games...

Cache is up to date! (49 games)
Updating New York Knicks...
/Users/tyvanklinger/Library/Python/3.8/lib/python/site-packages/urllib3/__init__.py:35: NotOpenSSLWarning: urllib3 v2 only supports OpenSSL 1.1.1+, currently the 'ssl' module is compiled with 'LibreSSL 2.8.3'. See: https://github.com/urllib3/urllib3/issues/3020
  warnings.warn(

======================================================================
  UPDATING ON/OFF CACHE
  New York Knicks | 2025-26
======================================================================

Loading existing cache...
   Existing games in cache: 47
   Existing roster: 17 players

Checking for new games...

Cache is up to date! (47 games)
Updating Oklahoma City Thunder...
/Users/tyvanklinger/Library/Python/3.8/lib/python/site-packages/urllib3/__init__.py:35: NotOpenSSLWarning: urllib3 v2 only supports OpenSSL 1.1.1+, currently the 'ssl' module is compiled with 'LibreSSL 2.8.3'. See: https://github.com/urllib3/urllib3/issues/3020
  warnings.warn(

======================================================================
  UPDATING ON/OFF CACHE
  Oklahoma City Thunder | 2025-26
======================================================================

Loading existing cache...
   Existing games in cache: 48
   Existing roster: 16 players

Checking for new games...
   Found 1 new games to process

Processing 1 new games...
----------------------------------------------------------------------
[  1/1] 0022500686 (100.0%) OK (1834 events)
----------------------------------------------------------------------
Processed 1/1 new games
New events: 1834

Rebuilding roster from all play-by-play data...
   Found 16 players who played this season

Cache updated: onoff_cache/Oklahoma_City_Thunder_2025-26_combo.json
   Total games: 49
   Total events: 90107
   Size: 13.3 MB
Updating Orlando Magic...
/Users/tyvanklinger/Library/Python/3.8/lib/python/site-packages/urllib3/__init__.py:35: NotOpenSSLWarning: urllib3 v2 only supports OpenSSL 1.1.1+, currently the 'ssl' module is compiled with 'LibreSSL 2.8.3'. See: https://github.com/urllib3/urllib3/issues/3020
  warnings.warn(

======================================================================
  UPDATING ON/OFF CACHE
  Orlando Magic | 2025-26
======================================================================

Loading existing cache...
   Existing games in cache: 46
   Existing roster: 16 players

Checking for new games...

Cache is up to date! (46 games)
Updating Philadelphia 76ers...
/Users/tyvanklinger/Library/Python/3.8/lib/python/site-packages/urllib3/__init__.py:35: NotOpenSSLWarning: urllib3 v2 only supports OpenSSL 1.1.1+, currently the 'ssl' module is compiled with 'LibreSSL 2.8.3'. See: https://github.com/urllib3/urllib3/issues/3020
  warnings.warn(

======================================================================
  UPDATING ON/OFF CACHE
  Philadelphia 76ers | 2025-26
======================================================================

Loading existing cache...
   Existing games in cache: 46
   Existing roster: 17 players

Checking for new games...
   Found 1 new games to process

Processing 1 new games...
----------------------------------------------------------------------
[  1/1] 0022500680 (100.0%) OK (1651 events)
----------------------------------------------------------------------
Processed 1/1 new games
New events: 1651

Rebuilding roster from all play-by-play data...
   Found 17 players who played this season

Cache updated: onoff_cache/Philadelphia_76ers_2025-26_combo.json
   Total games: 47
   Total events: 86449
   Size: 12.7 MB
Updating Phoenix Suns...
/Users/tyvanklinger/Library/Python/3.8/lib/python/site-packages/urllib3/__init__.py:35: NotOpenSSLWarning: urllib3 v2 only supports OpenSSL 1.1.1+, currently the 'ssl' module is compiled with 'LibreSSL 2.8.3'. See: https://github.com/urllib3/urllib3/issues/3020
  warnings.warn(

======================================================================
  UPDATING ON/OFF CACHE
  Phoenix Suns | 2025-26
======================================================================

Loading existing cache...
   Existing games in cache: 47
   Existing roster: 17 players

Checking for new games...
   Found 1 new games to process

Processing 1 new games...
----------------------------------------------------------------------
[  1/1] 0022500685 (100.0%) OK (1787 events)
----------------------------------------------------------------------
Processed 1/1 new games
New events: 1787

Rebuilding roster from all play-by-play data...
   Found 17 players who played this season

Cache updated: onoff_cache/Phoenix_Suns_2025-26_combo.json
   Total games: 48
   Total events: 87580
   Size: 13.0 MB
Updating Portland Trail Blazers...
/Users/tyvanklinger/Library/Python/3.8/lib/python/site-packages/urllib3/__init__.py:35: NotOpenSSLWarning: urllib3 v2 only supports OpenSSL 1.1.1+, currently the 'ssl' module is compiled with 'LibreSSL 2.8.3'. See: https://github.com/urllib3/urllib3/issues/3020
  warnings.warn(

======================================================================
  UPDATING ON/OFF CACHE
  Portland Trail Blazers | 2025-26
======================================================================

Loading existing cache...
   Existing games in cache: 48
   Existing roster: 16 players

Checking for new games...

Cache is up to date! (48 games)
Updating Sacramento Kings...
/Users/tyvanklinger/Library/Python/3.8/lib/python/site-packages/urllib3/__init__.py:35: NotOpenSSLWarning: urllib3 v2 only supports OpenSSL 1.1.1+, currently the 'ssl' module is compiled with 'LibreSSL 2.8.3'. See: https://github.com/urllib3/urllib3/issues/3020
  warnings.warn(

======================================================================
  UPDATING ON/OFF CACHE
  Sacramento Kings | 2025-26
======================================================================

Loading existing cache...
   Existing games in cache: 48
   Existing roster: 18 players

Checking for new games...
   Found 1 new games to process

Processing 1 new games...
----------------------------------------------------------------------
[  1/1] 0022500680 (100.0%) OK (1660 events)
----------------------------------------------------------------------
Processed 1/1 new games
New events: 1660

Rebuilding roster from all play-by-play data...
   Found 18 players who played this season

Cache updated: onoff_cache/Sacramento_Kings_2025-26_combo.json
   Total games: 49
   Total events: 88185
   Size: 12.8 MB
Updating San Antonio Spurs...
/Users/tyvanklinger/Library/Python/3.8/lib/python/site-packages/urllib3/__init__.py:35: NotOpenSSLWarning: urllib3 v2 only supports OpenSSL 1.1.1+, currently the 'ssl' module is compiled with 'LibreSSL 2.8.3'. See: https://github.com/urllib3/urllib3/issues/3020
  warnings.warn(

======================================================================
  UPDATING ON/OFF CACHE
  San Antonio Spurs | 2025-26
======================================================================

Loading existing cache...
   Existing games in cache: 47
   Existing roster: 18 players

Checking for new games...

Cache is up to date! (47 games)
Updating Toronto Raptors...
/Users/tyvanklinger/Library/Python/3.8/lib/python/site-packages/urllib3/__init__.py:35: NotOpenSSLWarning: urllib3 v2 only supports OpenSSL 1.1.1+, currently the 'ssl' module is compiled with 'LibreSSL 2.8.3'. See: https://github.com/urllib3/urllib3/issues/3020
  warnings.warn(

======================================================================
  UPDATING ON/OFF CACHE
  Toronto Raptors | 2025-26
======================================================================

Loading existing cache...
   Existing games in cache: 49
   Existing roster: 18 players

Checking for new games...

Cache is up to date! (49 games)
Updating Utah Jazz...
/Users/tyvanklinger/Library/Python/3.8/lib/python/site-packages/urllib3/__init__.py:35: NotOpenSSLWarning: urllib3 v2 only supports OpenSSL 1.1.1+, currently the 'ssl' module is compiled with 'LibreSSL 2.8.3'. See: https://github.com/urllib3/urllib3/issues/3020
  warnings.warn(

======================================================================
  UPDATING ON/OFF CACHE
  Utah Jazz | 2025-26
======================================================================

Loading existing cache...
   Existing games in cache: 48
   Existing roster: 16 players

Checking for new games...

Cache is up to date! (48 games)
Updating Washington Wizards...
/Users/tyvanklinger/Library/Python/3.8/lib/python/site-packages/urllib3/__init__.py:35: NotOpenSSLWarning: urllib3 v2 only supports OpenSSL 1.1.1+, currently the 'ssl' module is compiled with 'LibreSSL 2.8.3'. See: https://github.com/urllib3/urllib3/issues/3020
  warnings.warn(

======================================================================
  UPDATING ON/OFF CACHE
  Washington Wizards | 2025-26
======================================================================

Loading existing cache...
   Existing games in cache: 45
   Existing roster: 19 players

Checking for new games...
   Found 1 new games to process

Processing 1 new games...
----------------------------------------------------------------------
[  1/1] 0022500681 (100.0%) OK (1924 events)
----------------------------------------------------------------------
Processed 1/1 new games
New events: 1924

Rebuilding roster from all play-by-play data...
   Found 19 players who played this season

Cache updated: onoff_cache/Washington_Wizards_2025-26_combo.json
   Total games: 46
   Total events: 85321
   Size: 12.5 MB
[main 90d5faf] ðŸ€ Auto-update NBA on/off data 2026-01-30
 14 files changed, 1249 insertions(+), 12 deletions(-)
 rewrite minutes_data.json (79%)
To github.com:tyvanklinger/nba-onoff-api.git
 ! [rejected]        main -> main (fetch first)
error: failed to push some refs to 'git@github.com:tyvanklinger/nba-onoff-api.git'
hint: Updates were rejected because the remote contains work that you do
hint: not have locally. This is usually caused by another repository pushing
hint: to the same ref. You may want to first integrate the remote changes
hint: (e.g., 'git pull ...') before pushing again.
hint: See the 'Note about fast-forwards' in 'git push --help' for details.

>>> Committing and pushing...
On branch main
Your branch is ahead of 'origin/main' by 2 commits.
  (use "git push" to publish your local commits)

Changes not staged for commit:
	modified:   refresh_4am.log

no changes added to commit
error: cannot pull with rebase: You have unstaged changes.
error: please commit or stash them.

âœ“ Done: Fri Jan 30 04:05:43 EST 2026
